<?xml version="1.0" encoding="UTF-8"?>
<!-- Generated by org.testng.reporters.JUnitXMLReporter -->
<testsuite ignored="4" hostname="DESKTOP-Q8V08M2" failures="1" tests="12" name="Test" time="61.397" errors="0" timestamp="2025-04-07T21:36:05 IST">
  <testcase classname="tests.JsDelay" name="verifyJsDelay" time="13.47"/>
  <testcase classname="tests.FormFields" name="submitFormOnlyMandatory" time="4.89"/>
  <testcase classname="tests.FormFields" name="submitFormAllFields" time="7.233"/>
  <testcase classname="tests.FormFields" name="submitFormWithoutMandatory" time="6.455"/>
  <testcase classname="tests.FormFields" name="skippedTest" time="0.022">
    <skipped/>
  </testcase> <!-- skippedTest -->
  <testcase classname="tests.FormFields" name="myFail" time="0.003">
    <failure type="java.lang.AssertionError" message="null">
      <![CDATA[java.lang.AssertionError: null
at tests.FormFields.myFail(FormFields.java:60)
at java.base/java.util.ArrayList.forEach(ArrayList.java:1597)
... Removed 31 stack frames]]>
    </failure>
  </testcase> <!-- myFail -->
  <testcase classname="tests.Popups" name="verifyAlertPopupText" time="3.027"/>
  <testcase classname="tests.Popups" name="verifyConfirmPopupOkText" time="2.245"/>
  <testcase classname="tests.Popups" name="verifyConfirmPopupCancelText" time="2.729"/>
  <testcase classname="tests.Popups" name="verifyPromptPopupNoValueText" time="2.282"/>
  <testcase classname="tests.Popups" name="verifyPromptPopupValueText" time="2.316"/>
  <testcase classname="tests.Popups" name="verifyTooltipText" time="2.593"/>
  <testcase classname="base.BaseClass" name="@BeforeTest start" time="0.0">
    <ignored/>
  </testcase> <!-- @BeforeTest start -->
  <testcase classname="base.BaseClass" name="@BeforeTest start" time="0.0">
    <ignored/>
  </testcase> <!-- @BeforeTest start -->
  <testcase classname="base.BaseClass" name="@AfterTest end" time="0.0">
    <ignored/>
  </testcase> <!-- @AfterTest end -->
  <testcase classname="base.BaseClass" name="@AfterTest end" time="0.0">
    <ignored/>
  </testcase> <!-- @AfterTest end -->
</testsuite> <!-- Test -->
