<?xml version="1.0" encoding="UTF-8"?>
<testng-results ignored="0" total="12" passed="10" failed="1" skipped="1">
  <reporter-output>
  </reporter-output>
  <suite started-at="2025-04-07T21:34:50 IST" name="Suite" finished-at="2025-04-07T21:35:51 IST" duration-ms="61397">
    <groups>
    </groups>
    <test started-at="2025-04-07T21:34:50 IST" name="Test" finished-at="2025-04-07T21:35:51 IST" duration-ms="61397">
      <class name="tests.FormFields">
        <test-method signature="submitFormOnlyMandatory()[pri:1, instance:tests.FormFields@73a1e9a9]" started-at="2025-04-07T21:35:16 IST" name="submitFormOnlyMandatory" description="TC_AN_FF_01" finished-at="2025-04-07T21:35:21 IST" duration-ms="4890" status="PASS">
          <reporter-output>
          </reporter-output>
        </test-method> <!-- submitFormOnlyMandatory -->
        <test-method signature="submitFormAllFields()[pri:2, instance:tests.FormFields@73a1e9a9]" started-at="2025-04-07T21:35:21 IST" name="submitFormAllFields" description="TC_AN_FF_02" finished-at="2025-04-07T21:35:28 IST" duration-ms="7233" status="PASS">
          <reporter-output>
          </reporter-output>
        </test-method> <!-- submitFormAllFields -->
        <test-method signature="submitFormWithoutMandatory()[pri:3, instance:tests.FormFields@73a1e9a9]" started-at="2025-04-07T21:35:28 IST" name="submitFormWithoutMandatory" description="TC_AN_FF_03" finished-at="2025-04-07T21:35:35 IST" duration-ms="6455" status="PASS">
          <reporter-output>
          </reporter-output>
        </test-method> <!-- submitFormWithoutMandatory -->
        <test-method signature="skippedTest()[pri:4, instance:tests.FormFields@73a1e9a9]" started-at="2025-04-07T21:35:35 IST" name="skippedTest" description="TC_AN_FF_03.2" finished-at="2025-04-07T21:35:35 IST" duration-ms="22" status="SKIP">
          <exception class="org.testng.SkipException">
            <message>
              <![CDATA[Skipping this test case because of some condition.]]>
            </message>
            <full-stacktrace>
              <![CDATA[org.testng.SkipException: Skipping this test case because of some condition.
at tests.FormFields.skippedTest(FormFields.java:54)
at java.base/jdk.internal.reflect.DirectMethodHandleAccessor.invoke(DirectMethodHandleAccessor.java:103)
at java.base/java.lang.reflect.Method.invoke(Method.java:580)
at org.testng.internal.invokers.MethodInvocationHelper.invokeMethod(MethodInvocationHelper.java:141)
at org.testng.internal.invokers.TestInvoker.invokeMethod(TestInvoker.java:686)
at org.testng.internal.invokers.TestInvoker.invokeTestMethod(TestInvoker.java:230)
at org.testng.internal.invokers.MethodRunner.runInSequence(MethodRunner.java:63)
at org.testng.internal.invokers.TestInvoker$MethodInvocationAgent.invoke(TestInvoker.java:992)
at org.testng.internal.invokers.TestInvoker.invokeTestMethods(TestInvoker.java:203)
at org.testng.internal.invokers.TestMethodWorker.invokeTestMethods(TestMethodWorker.java:154)
at org.testng.internal.invokers.TestMethodWorker.run(TestMethodWorker.java:134)
at java.base/java.util.ArrayList.forEach(ArrayList.java:1597)
at org.testng.TestRunner.privateRun(TestRunner.java:739)
at org.testng.TestRunner.run(TestRunner.java:614)
at org.testng.SuiteRunner.runTest(SuiteRunner.java:421)
at org.testng.SuiteRunner.runSequentially(SuiteRunner.java:413)
at org.testng.SuiteRunner.privateRun(SuiteRunner.java:373)
at org.testng.SuiteRunner.run(SuiteRunner.java:312)
at org.testng.SuiteRunnerWorker.runSuite(SuiteRunnerWorker.java:52)
at org.testng.SuiteRunnerWorker.run(SuiteRunnerWorker.java:95)
at org.testng.TestNG.runSuitesSequentially(TestNG.java:1274)
at org.testng.TestNG.runSuitesLocally(TestNG.java:1208)
at org.testng.TestNG.runSuites(TestNG.java:1112)
at org.testng.TestNG.run(TestNG.java:1079)
at org.apache.maven.surefire.testng.TestNGExecutor.run(TestNGExecutor.java:308)
at org.apache.maven.surefire.testng.TestNGXmlTestSuite.execute(TestNGXmlTestSuite.java:71)
at org.apache.maven.surefire.testng.TestNGProvider.invoke(TestNGProvider.java:113)
at org.apache.maven.surefire.booter.ForkedBooter.runSuitesInProcess(ForkedBooter.java:385)
at org.apache.maven.surefire.booter.ForkedBooter.execute(ForkedBooter.java:162)
at org.apache.maven.surefire.booter.ForkedBooter.run(ForkedBooter.java:507)
at org.apache.maven.surefire.booter.ForkedBooter.main(ForkedBooter.java:495)
]]>
            </full-stacktrace>
          </exception> <!-- org.testng.SkipException -->
          <reporter-output>
          </reporter-output>
        </test-method> <!-- skippedTest -->
        <test-method signature="myFail()[pri:5, instance:tests.FormFields@73a1e9a9]" started-at="2025-04-07T21:35:35 IST" name="myFail" description="TC_AN_FF_03.3" finished-at="2025-04-07T21:35:35 IST" duration-ms="3" status="FAIL">
          <exception class="java.lang.AssertionError">
            <message>
              <![CDATA[null]]>
            </message>
            <full-stacktrace>
              <![CDATA[java.lang.AssertionError: null
at org.testng.Assert.fail(Assert.java:111)
at org.testng.Assert.fail(Assert.java:116)
at tests.FormFields.myFail(FormFields.java:60)
at java.base/jdk.internal.reflect.DirectMethodHandleAccessor.invoke(DirectMethodHandleAccessor.java:103)
at java.base/java.lang.reflect.Method.invoke(Method.java:580)
at org.testng.internal.invokers.MethodInvocationHelper.invokeMethod(MethodInvocationHelper.java:141)
at org.testng.internal.invokers.TestInvoker.invokeMethod(TestInvoker.java:686)
at org.testng.internal.invokers.TestInvoker.invokeTestMethod(TestInvoker.java:230)
at org.testng.internal.invokers.MethodRunner.runInSequence(MethodRunner.java:63)
at org.testng.internal.invokers.TestInvoker$MethodInvocationAgent.invoke(TestInvoker.java:992)
at org.testng.internal.invokers.TestInvoker.invokeTestMethods(TestInvoker.java:203)
at org.testng.internal.invokers.TestMethodWorker.invokeTestMethods(TestMethodWorker.java:154)
at org.testng.internal.invokers.TestMethodWorker.run(TestMethodWorker.java:134)
at java.base/java.util.ArrayList.forEach(ArrayList.java:1597)
at org.testng.TestRunner.privateRun(TestRunner.java:739)
at org.testng.TestRunner.run(TestRunner.java:614)
at org.testng.SuiteRunner.runTest(SuiteRunner.java:421)
at org.testng.SuiteRunner.runSequentially(SuiteRunner.java:413)
at org.testng.SuiteRunner.privateRun(SuiteRunner.java:373)
at org.testng.SuiteRunner.run(SuiteRunner.java:312)
at org.testng.SuiteRunnerWorker.runSuite(SuiteRunnerWorker.java:52)
at org.testng.SuiteRunnerWorker.run(SuiteRunnerWorker.java:95)
at org.testng.TestNG.runSuitesSequentially(TestNG.java:1274)
at org.testng.TestNG.runSuitesLocally(TestNG.java:1208)
at org.testng.TestNG.runSuites(TestNG.java:1112)
at org.testng.TestNG.run(TestNG.java:1079)
at org.apache.maven.surefire.testng.TestNGExecutor.run(TestNGExecutor.java:308)
at org.apache.maven.surefire.testng.TestNGXmlTestSuite.execute(TestNGXmlTestSuite.java:71)
at org.apache.maven.surefire.testng.TestNGProvider.invoke(TestNGProvider.java:113)
at org.apache.maven.surefire.booter.ForkedBooter.runSuitesInProcess(ForkedBooter.java:385)
at org.apache.maven.surefire.booter.ForkedBooter.execute(ForkedBooter.java:162)
at org.apache.maven.surefire.booter.ForkedBooter.run(ForkedBooter.java:507)
at org.apache.maven.surefire.booter.ForkedBooter.main(ForkedBooter.java:495)
]]>
            </full-stacktrace>
          </exception> <!-- java.lang.AssertionError -->
          <reporter-output>
          </reporter-output>
        </test-method> <!-- myFail -->
      </class> <!-- tests.FormFields -->
      <class name="tests.Popups">
        <test-method signature="verifyAlertPopupText()[pri:1, instance:tests.Popups@71d44a3]" started-at="2025-04-07T21:35:35 IST" name="verifyAlertPopupText" description="TC_AN_PP_01" finished-at="2025-04-07T21:35:38 IST" duration-ms="3027" status="PASS">
          <reporter-output>
          </reporter-output>
        </test-method> <!-- verifyAlertPopupText -->
        <test-method signature="verifyConfirmPopupOkText()[pri:2, instance:tests.Popups@71d44a3]" started-at="2025-04-07T21:35:38 IST" name="verifyConfirmPopupOkText" description="TC_AN_PP_02" finished-at="2025-04-07T21:35:41 IST" duration-ms="2245" status="PASS">
          <reporter-output>
          </reporter-output>
        </test-method> <!-- verifyConfirmPopupOkText -->
        <test-method signature="verifyConfirmPopupCancelText()[pri:3, instance:tests.Popups@71d44a3]" started-at="2025-04-07T21:35:41 IST" name="verifyConfirmPopupCancelText" description="TC_AN_PP_03" finished-at="2025-04-07T21:35:43 IST" duration-ms="2729" status="PASS">
          <reporter-output>
          </reporter-output>
        </test-method> <!-- verifyConfirmPopupCancelText -->
        <test-method signature="verifyPromptPopupNoValueText()[pri:4, instance:tests.Popups@71d44a3]" started-at="2025-04-07T21:35:43 IST" name="verifyPromptPopupNoValueText" description="TC_AN_PP_04" finished-at="2025-04-07T21:35:46 IST" duration-ms="2282" status="PASS">
          <reporter-output>
          </reporter-output>
        </test-method> <!-- verifyPromptPopupNoValueText -->
        <test-method signature="verifyPromptPopupValueText()[pri:5, instance:tests.Popups@71d44a3]" started-at="2025-04-07T21:35:46 IST" name="verifyPromptPopupValueText" description="TC_AN_PP_05" finished-at="2025-04-07T21:35:48 IST" duration-ms="2316" status="PASS">
          <reporter-output>
          </reporter-output>
        </test-method> <!-- verifyPromptPopupValueText -->
        <test-method signature="verifyTooltipText()[pri:6, instance:tests.Popups@71d44a3]" started-at="2025-04-07T21:35:48 IST" name="verifyTooltipText" description="TC_AN_PP_06" finished-at="2025-04-07T21:35:51 IST" duration-ms="2593" status="PASS">
          <reporter-output>
          </reporter-output>
        </test-method> <!-- verifyTooltipText -->
      </class> <!-- tests.Popups -->
      <class name="tests.JsDelay">
        <test-method is-config="true" signature="start()[pri:0, instance:tests.JsDelay@235834f2]" started-at="2025-04-07T21:34:50 IST" name="start" finished-at="2025-04-07T21:35:03 IST" duration-ms="12344" status="PASS">
          <reporter-output>
          </reporter-output>
        </test-method> <!-- start -->
        <test-method signature="verifyJsDelay()[pri:1, instance:tests.JsDelay@235834f2]" started-at="2025-04-07T21:35:03 IST" name="verifyJsDelay" finished-at="2025-04-07T21:35:16 IST" duration-ms="13470" status="PASS">
          <reporter-output>
          </reporter-output>
        </test-method> <!-- verifyJsDelay -->
        <test-method is-config="true" signature="end()[pri:0, instance:tests.JsDelay@235834f2]" started-at="2025-04-07T21:35:51 IST" name="end" finished-at="2025-04-07T21:35:51 IST" duration-ms="329" status="PASS">
          <reporter-output>
          </reporter-output>
        </test-method> <!-- end -->
      </class> <!-- tests.JsDelay -->
    </test> <!-- Test -->
  </suite> <!-- Suite -->
</testng-results>
